0 info it worked if it ends with ok
1 verbose cli [ '/usr/local/bin/node', '/usr/local/bin/npm', 'run', 'builder' ]
2 info using npm@3.3.12
3 info using node@v5.4.0
4 verbose run-script [ 'prebuilder', 'builder', 'postbuilder' ]
5 info lifecycle dewwwald@1.0.0~prebuilder: dewwwald@1.0.0
6 silly lifecycle dewwwald@1.0.0~prebuilder: no script for prebuilder, continuing
7 info lifecycle dewwwald@1.0.0~builder: dewwwald@1.0.0
8 verbose lifecycle dewwwald@1.0.0~builder: unsafe-perm in lifecycle true
9 verbose lifecycle dewwwald@1.0.0~builder: PATH: /usr/local/lib/node_modules/npm/bin/node-gyp-bin:/Users/dewald/work/sites/dewwwald/public_html/node_modules/.bin:/usr/local/bin:/usr/local/mysql/bin:/opt/X11/bin:/sbin:/usr/sbin:/bin:/usr/bin:/usr/local/bin:/Users/dewald/.rbenv/bin:/Users/dewald/.rbenv/shims:/Users/dewald/.npm/bin:/usr/local/heroku/bin:/Users/dewald/.bin:/Users/dewald/bin:/Users/dewald/.composer/vendor/bin:/usr/local/sbin:/Users/dewald/pear/bin:/usr/local/sbin:/Users/dewald/.composer/vendor/bin:/usr/local/mysql/support-files:/usr/local/mysql/bin:/usr/local/bin:/Users/dewald/bin:/Users/dewald/.bin:/usr/local/heroku/bin:/Users/dewald/.npm/bin:/Users/dewald/.rbenv/shims:/Users/dewald/.rbenv/bin:/Users/dewald/.rbenv/shims:/Users/dewald/.rbenv/bin:/usr/local/bin:/usr/bin:/bin:/usr/sbin:/sbin:/opt/X11/bin
10 verbose lifecycle dewwwald@1.0.0~builder: CWD: /Users/dewald/work/sites/dewwwald/public_html
11 silly lifecycle dewwwald@1.0.0~builder: Args: [ '-c', 'tsc && concurrently && npm run tsc:w' ]
12 silly lifecycle dewwwald@1.0.0~builder: Returned: code: 2  signal: null
13 info lifecycle dewwwald@1.0.0~builder: Failed to exec builder script
14 verbose stack Error: dewwwald@1.0.0 builder: `tsc && concurrently && npm run tsc:w`
14 verbose stack Exit status 2
14 verbose stack     at EventEmitter.<anonymous> (/usr/local/lib/node_modules/npm/lib/utils/lifecycle.js:232:16)
14 verbose stack     at emitTwo (events.js:87:13)
14 verbose stack     at EventEmitter.emit (events.js:172:7)
14 verbose stack     at ChildProcess.<anonymous> (/usr/local/lib/node_modules/npm/lib/utils/spawn.js:24:14)
14 verbose stack     at emitTwo (events.js:87:13)
14 verbose stack     at ChildProcess.emit (events.js:172:7)
14 verbose stack     at maybeClose (internal/child_process.js:821:16)
14 verbose stack     at Process.ChildProcess._handle.onexit (internal/child_process.js:211:5)
15 verbose pkgid dewwwald@1.0.0
16 verbose cwd /Users/dewald/work/sites/dewwwald/public_html
17 error Darwin 14.5.0
18 error argv "/usr/local/bin/node" "/usr/local/bin/npm" "run" "builder"
19 error node v5.4.0
20 error npm  v3.3.12
21 error code ELIFECYCLE
22 error dewwwald@1.0.0 builder: `tsc && concurrently && npm run tsc:w`
22 error Exit status 2
23 error Failed at the dewwwald@1.0.0 builder script 'tsc && concurrently && npm run tsc:w'.
23 error Make sure you have the latest version of node.js and npm installed.
23 error If you do, this is most likely a problem with the dewwwald package,
23 error not with npm itself.
23 error Tell the author that this fails on your system:
23 error     tsc && concurrently && npm run tsc:w
23 error You can get their info via:
23 error     npm owner ls dewwwald
23 error There is likely additional logging output above.
24 verbose exit [ 1, true ]
